\BOOKMARK [0][-]{titlePage.0}{Title Page}{}% 1
\BOOKMARK [0][-]{Doc-Start}{Abstract}{}% 2
\BOOKMARK [0][-]{Doc-Start}{Resume}{}% 3
\BOOKMARK [0][-]{Doc-Start}{Acknowledgments}{}% 4
\BOOKMARK [0][-]{TOC.0}{Table of Contents}{}% 5
\BOOKMARK [0][-]{chapter*.1}{LIST OF FIGURES}{}% 6
\BOOKMARK [0][-]{chapter*.2}{LIST OF TABLES}{}% 7
\BOOKMARK [0][-]{chapter.1}{Introduction}{}% 8
\BOOKMARK [1][-]{section.1.1}{Motivation}{chapter.1}% 9
\BOOKMARK [1][-]{section.1.2}{Thesis Overview}{chapter.1}% 10
\BOOKMARK [0][-]{chapter.2}{Previous Approaches}{}% 11
\BOOKMARK [1][-]{section.2.1}{Section}{chapter.2}% 12
\BOOKMARK [2][-]{subsection.2.1.1}{Example Subsection}{section.2.1}% 13
\BOOKMARK [0][-]{chapter.3}{Object Detection and Recognition}{}% 14
\BOOKMARK [1][-]{section.3.1}{YOLO Darknet}{chapter.3}% 15
\BOOKMARK [2][-]{subsection.3.1.1}{Pre-trained Model with COCO dataset}{section.3.1}% 16
\BOOKMARK [2][-]{subsection.3.1.2}{Trained Model with Customized dataset}{section.3.1}% 17
\BOOKMARK [1][-]{section.3.2}{Neural Network Cascading}{chapter.3}% 18
\BOOKMARK [0][-]{chapter.4}{Object Tracking}{}% 19
\BOOKMARK [1][-]{section.4.1}{Features to use}{chapter.4}% 20
\BOOKMARK [2][-]{subsection.4.1.1}{Optical Flow}{section.4.1}% 21
\BOOKMARK [2][-]{subsection.4.1.2}{Position}{section.4.1}% 22
\BOOKMARK [2][-]{subsection.4.1.3}{Apperance}{section.4.1}% 23
\BOOKMARK [1][-]{section.4.2}{Feature Matching}{chapter.4}% 24
\BOOKMARK [2][-]{subsection.4.2.1}{Median Filter}{section.4.2}% 25
\BOOKMARK [2][-]{subsection.4.2.2}{Sample subsubsection}{section.4.2}% 26
\BOOKMARK [2][-]{subsection.4.2.3}{Gaussian Mixture Model}{section.4.2}% 27
\BOOKMARK [1][-]{section.4.3}{Kalman Filter Prediction}{chapter.4}% 28
\BOOKMARK [0][-]{chapter.5}{Experiments and Analysis}{}% 29
\BOOKMARK [0][-]{chapter.6}{Conclusions and Future Work}{}% 30
\BOOKMARK [0][-]{Appendix.1.A}{Experimental Equipment}{}% 31
\BOOKMARK [0][-]{Appendix.1.B}{Data Processing}{}% 32
\BOOKMARK [0][-]{chapter*.4}{References}{}% 33
\BOOKMARK [0][-]{chapter*.5}{Vita}{}% 34
